<?xml version="1.0" encoding="UTF-8"?>
<testsuites name="jest tests" tests="2" failures="0" time="1.292">
  <testsuite name="Query.chats" errors="0" failures="0" skipped="0" timestamp="2019-07-12T10:38:13" time="0.772" tests="1">
    <testcase classname="Query.chats should fetch all chats" name="Query.chats should fetch all chats" time="0.025">
    </testcase>
  </testsuite>
  <testsuite name="Query.chat" errors="0" failures="0" skipped="0" timestamp="2019-07-12T10:38:14" time="0.107" tests="1">
    <testcase classname="Query.chat should fetch specified chat" name="Query.chat should fetch specified chat" time="0.012">
    </testcase>
  </testsuite>
</testsuites>