<?xml version="1.0" encoding="UTF-8"?>
<testsuites name="jest tests" tests="2" failures="0" time="2.543">
  <testsuite name="Query.chat" errors="0" failures="0" skipped="0" timestamp="2019-07-11T12:15:46" time="0.863" tests="1">
    <testcase classname="Query.chat should fetch specified chat" name="Query.chat should fetch specified chat" time="0.029">
    </testcase>
  </testsuite>
  <testsuite name="Query.chats" errors="0" failures="0" skipped="0" timestamp="2019-07-11T12:15:46" time="1.904" tests="1">
    <testcase classname="Query.chats should fetch all chats" name="Query.chats should fetch all chats" time="0.025">
    </testcase>
  </testsuite>
</testsuites>